[NotebookApp | WARNING] No nbgrader_config.py file found (rerun with --debug to see where nbgrader is looking)
[NotebookApp | INFO] Loading the validate_assignment nbgrader serverextension
[NotebookApp | INFO] Serving notebooks from local directory: /home/nubol23/Desktop/Codes/Proyecto_281
[NotebookApp | INFO] The Jupyter Notebook is running at:
[NotebookApp | INFO] http://localhost:8888/?token=1af971190ef71b650fd2ee3f571c2d9f05be1ea7b6c01a2f
[NotebookApp | INFO] Use Control-C to stop this server and shut down all kernels (twice to skip confirmation).
[NotebookApp | CRITICAL] 
    
    To access the notebook, open this file in a browser:
        file:///run/user/1000/jupyter/nbserver-5557-open.html
    Or copy and paste one of these URLs:
        http://localhost:8888/?token=1af971190ef71b650fd2ee3f571c2d9f05be1ea7b6c01a2f
[NotebookApp | INFO] Kernel started: 1987ad91-e7a8-48a9-87dd-5a8de1acd7b2
[NotebookApp | INFO] Adapting to protocol v5.1 for kernel 1987ad91-e7a8-48a9-87dd-5a8de1acd7b2
[NotebookApp | INFO] Saving file at /requests.ipynb
[NotebookApp | INFO] Saving file at /requests.ipynb
[NotebookApp | INFO] Saving file at /requests.ipynb
[NotebookApp | INFO] Saving file at /requests.ipynb
[NotebookApp | INFO] Saving file at /requests.ipynb
[NotebookApp | INFO] Saving file at /requests.ipynb
[NotebookApp | INFO] Saving file at /requests.ipynb
[NotebookApp | INFO] Starting buffering for 1987ad91-e7a8-48a9-87dd-5a8de1acd7b2:aff800be6a144bd9961ccb3024b8f4e8
[NotebookApp | CRITICAL] received signal 15, stopping
[NotebookApp | INFO] Shutting down 1 kernel
